travel size 1 algo size 1
0
DECLEARING of THE EMPTY LIST




#==#==#==#==#==#==#==#NEW_TRAVEL = travel_14 with _205962657_a#==#==#==#==#==#==#==#

#### the AlgoIndex =0
#### itreate =0
Thread running: 139927554811776


##################### Algo = _205962657_a##################

readShipPlan
readShipRoute
ERROR[3][1]- can't make dir with name : /specific/a/home/cc/students/cs/aubaidaasad/ex3_c++/17-6/ContainerShip/output//_205962657_a_travel_14_crane_instructions
itration : -1to /specific/a/home/cc/students/cs/aubaidaasad/ex3_c++/17-6/ContainerShip/output//_205962657_a_travel_14_crane_instructions
in parseCargoFile
in parseCargoFile with lines 2
line :  ITKU0000019, 3790, TRIST
line :  MSKU0000011, 15000, ITNAP
line :  
makdir = /specific/a/home/cc/students/cs/aubaidaasad/ex3_c++/17-6/ContainerShip/output//_205962657_a_travel_14_crane_instructions/ILHFA_1.crane_instructions  (travel_14,_205962657_a) = 
in parseCargoFile
in parseCargoFile with lines 2
line :  ITKU0000019, 3790, TRIST
line :  MSKU0000011, 15000, ITNAP
line :  
priorety 
init the set if ? TRIST  accepted
init the set if ? ITNAP  accepted
init the set if ? ILHFA  accepted
the port is :: TRIST , and the container is ::ITKU0000019
	*)taken
the port is :: TRIST , and the container is ::MSKU0000011
	*)in the else zbbe with port = ITNAP
PortInstructions[inst].destPort.port==*curr -- 0
!indexes.count(inst) -- 1
the port is :: TRIST , and the container is ::last
the port is :: ITNAP , and the container is ::ITKU0000019
	*)in the else zbbe with port = TRIST
PortInstructions[inst].destPort.port==*curr -- 0
!indexes.count(inst) -- 0
the port is :: ITNAP , and the container is ::MSKU0000011
	*)taken
the port is :: ITNAP , and the container is ::last
the port is :: ILHFA , and the container is ::ITKU0000019
	*)in the else zbbe with port = TRIST
PortInstructions[inst].destPort.port==*curr -- 0
!indexes.count(inst) -- 0
the port is :: ILHFA , and the container is ::MSKU0000011
	*)in the else zbbe with port = ITNAP
PortInstructions[inst].destPort.port==*curr -- 0
!indexes.count(inst) -- 0
the port is :: ILHFA , and the container is ::last
*************RESULTS : ITKU0000019 *************
1)isInRoute : 0
2)isFull: 0
3)isValidId: 0
4)isLegalWeight: 0
*************END*************
*************RESULTS : MSKU0000011 *************
1)isInRoute : 0
2)isFull: 0
3)isValidId: 0
4)isLegalWeight: 0
*************END*************
in parseCargoFile
in parseCargoFile with lines 2
line :  ITKU0000019, 3790, TRIST
line :  MSKU0000011, 15000, ITNAP
line :  
number of instructions in ILHFA  (travel_14,_205962657_a) = 2

in parseCargoFile
in parseCargoFile with lines 1
line :    MSKU0000010,1,ILHFA
makdir = /specific/a/home/cc/students/cs/aubaidaasad/ex3_c++/17-6/ContainerShip/output//_205962657_a_travel_14_crane_instructions/TRIST_1.crane_instructions  (travel_14,_205962657_a) = 
in parseCargoFile
in parseCargoFile with lines 1
line :    MSKU0000010,1,ILHFA
priorety 
init the set if ? ITNAP  accepted
init the set if ? ILHFA  accepted
the port is :: ITNAP , and the container is ::MSKU0000010
	*)in the else zbbe with port = ILHFA
PortInstructions[inst].destPort.port==*curr -- 0
!indexes.count(inst) -- 1
the port is :: ITNAP , and the container is ::last
the port is :: ILHFA , and the container is ::MSKU0000010
	*)taken
the port is :: ILHFA , and the container is ::last
*************RESULTS : MSKU0000010 *************
1)isInRoute : 0
2)isFull: 0
3)isValidId: 32768
4)isLegalWeight: 0
*************END*************
the parse out is :1
the parse out is :1
in parseCargoFile
in parseCargoFile with lines 1
line :    MSKU0000010,1,ILHFA
number of instructions in TRIST  (travel_14,_205962657_a) = 3

we got a move command  M,MSKU0000011,1,0,0,0,1,1
in parseCargoFile
in parseCargoFile with lines 0
makdir = /specific/a/home/cc/students/cs/aubaidaasad/ex3_c++/17-6/ContainerShip/output//_205962657_a_travel_14_crane_instructions/ITNAP_1.crane_instructions  (travel_14,_205962657_a) = 
in parseCargoFile
in parseCargoFile with lines 0
priorety 
init the set if ? ILHFA  accepted
the port is :: ILHFA , and the container is ::last
in parseCargoFile
in parseCargoFile with lines 0
number of instructions in ITNAP  (travel_14,_205962657_a) = 1

 	*)U error : the unloaded container not on the ship
in parseCargoFile
in parseCargoFile with lines 0
makdir = /specific/a/home/cc/students/cs/aubaidaasad/ex3_c++/17-6/ContainerShip/output//_205962657_a_travel_14_crane_instructions/ILHFA_2.crane_instructions  (travel_14,_205962657_a) = 
in parseCargoFile
in parseCargoFile with lines 0
in parseCargoFile
in parseCargoFile with lines 0
number of instructions in ILHFA  (travel_14,_205962657_a) = 0

results prints
before sorting ..
<-1,1,-1,>
after sorting ..
<-1,1,-1,>
*)in thread 139927554811776:
	1- (travel_14,_205962657_a)
Done! - Closing dl
